<?xml version="1.0" encoding="UTF-8"?>
<testng-results ignored="0" total="1" passed="1" failed="0" skipped="0">
  <reporter-output>
  </reporter-output>
  <suite started-at="2024-08-09T08:08:19 COT" name="Surefire suite" finished-at="2024-08-09T08:08:25 COT" duration-ms="6245">
    <groups>
    </groups>
    <test started-at="2024-08-09T08:08:19 COT" name="Surefire test" finished-at="2024-08-09T08:08:25 COT" duration-ms="6245">
      <class name="com.devsu.TestCase">
        <test-method is-config="true" signature="setUp()[pri:0, instance:com.devsu.TestCase@11dc3715]" started-at="2024-08-09T08:08:19 COT" name="setUp" finished-at="2024-08-09T08:08:23 COT" duration-ms="3706" status="PASS">
          <reporter-output>
          </reporter-output>
        </test-method> <!-- setUp -->
        <test-method signature="testFlujodeCompra()[pri:0, instance:com.devsu.TestCase@11dc3715]" started-at="2024-08-09T08:08:23 COT" name="testFlujodeCompra" finished-at="2024-08-09T08:08:25 COT" duration-ms="1842" status="PASS">
          <reporter-output>
          </reporter-output>
        </test-method> <!-- testFlujodeCompra -->
        <test-method is-config="true" signature="tearDown()[pri:0, instance:com.devsu.TestCase@11dc3715]" started-at="2024-08-09T08:08:25 COT" name="tearDown" finished-at="2024-08-09T08:08:25 COT" duration-ms="640" status="PASS">
          <reporter-output>
          </reporter-output>
        </test-method> <!-- tearDown -->
      </class> <!-- com.devsu.TestCase -->
    </test> <!-- Surefire test -->
  </suite> <!-- Surefire suite -->
</testng-results>
